февр. 11, 2023 11:34:00 PM task1 WriteLog
INFO: [7,9,8,3,7]
февр. 11, 2023 11:34:00 PM task1 WriteLog
INFO: [7,8,9,3,7]
февр. 11, 2023 11:34:00 PM task1 WriteLog
INFO: [7,8,3,9,7]
февр. 11, 2023 11:34:00 PM task1 WriteLog
INFO: [7,8,3,7,9]
февр. 11, 2023 11:34:00 PM task1 WriteLog
INFO: [7,8,3,7,9]
февр. 11, 2023 11:34:00 PM task1 WriteLog
INFO: [7,3,8,7,9]
февр. 11, 2023 11:34:00 PM task1 WriteLog
INFO: [7,3,7,8,9]
февр. 11, 2023 11:34:00 PM task1 WriteLog
INFO: [3,7,7,8,9]
февр. 11, 2023 11:34:00 PM task1 WriteLog
INFO: [3,7,7,8,9]
февр. 11, 2023 11:34:00 PM task1 WriteLog
INFO: [3,7,7,8,9]
февр. 11, 2023 11:34:10 PM task1 WriteLog
INFO: [6,9,9,5,3]
февр. 11, 2023 11:34:10 PM task1 WriteLog
INFO: [6,9,9,5,3]
февр. 11, 2023 11:34:10 PM task1 WriteLog
INFO: [6,9,5,9,3]
февр. 11, 2023 11:34:10 PM task1 WriteLog
INFO: [6,9,5,3,9]
февр. 11, 2023 11:34:10 PM task1 WriteLog
INFO: [6,9,5,3,9]
февр. 11, 2023 11:34:10 PM task1 WriteLog
INFO: [6,5,9,3,9]
февр. 11, 2023 11:34:10 PM task1 WriteLog
INFO: [6,5,3,9,9]
февр. 11, 2023 11:34:10 PM task1 WriteLog
INFO: [5,6,3,9,9]
февр. 11, 2023 11:34:10 PM task1 WriteLog
INFO: [5,3,6,9,9]
февр. 11, 2023 11:34:10 PM task1 WriteLog
INFO: [3,5,6,9,9]
